INFO 2023-01-26 12:10:48,996 tasks 14 140465524484936 
|->-----------------
Starting logs newsletter 5

INFO 2023-01-26 12:10:49,002 tasks 14 140465524484936 'NoneType' object has no attribute 'decode', 
*Maybe customer_received_list is empty

INFO 2023-01-26 12:10:49,002 tasks 14 140465524484936 


Ending logs newsletter 5/n-----------------<-|

INFO 2023-01-26 12:13:49,874 tasks 14 140465524484936 
|->-----------------
Starting logs newsletter 6

INFO 2023-01-26 12:13:49,874 tasks 14 140465524484936 'NoneType' object has no attribute 'decode', 
*Maybe customer_received_list is empty

INFO 2023-01-26 12:13:49,874 tasks 14 140465524484936 


Ending logs newsletter 6/n-----------------<-|

INFO 2023-01-26 12:14:29,538 tasks 14 140465524484936 
|->-----------------
Starting logs newsletter 7

INFO 2023-01-26 12:14:29,539 tasks 14 140465524484936 'NoneType' object has no attribute 'decode', 
*Maybe customer_received_list is empty

INFO 2023-01-26 12:14:29,539 tasks 14 140465524484936 


Ending logs newsletter 7/n-----------------<-|

INFO 2023-01-26 12:15:17,914 tasks 14 140465524484936 
|->-----------------
Starting logs newsletter 8

INFO 2023-01-26 12:15:18,339 tasks 14 140465524484936 Customer {'id': 1, 'phone_number': '123', 'phone_prefix': '1001', 'tag': 'foo-tag', 'customer_time_zone': 'Europe/Moscow'} received
INFO 2023-01-26 12:15:18,369 tasks 14 140465524484936 


Ending logs newsletter 8/n-----------------<-|

INFO 2023-01-26 12:16:05,229 tasks 14 140465524484936 
|->-----------------
Starting logs newsletter 9

INFO 2023-01-26 12:16:05,531 tasks 14 140465524484936 Customer {'id': 1, 'phone_number': '123', 'phone_prefix': '1001', 'tag': 'foo-tag', 'customer_time_zone': 'Europe/Moscow'} received
INFO 2023-01-26 12:16:05,549 tasks 14 140465524484936 


Ending logs newsletter 9/n-----------------<-|

INFO 2023-01-26 12:16:25,641 tasks 14 140465524484936 
|->-----------------
Starting logs newsletter 10

INFO 2023-01-26 12:16:25,942 tasks 14 140465524484936 Customer {'id': 1, 'phone_number': '123', 'phone_prefix': '1001', 'tag': 'foo-tag', 'customer_time_zone': 'Europe/Moscow'} received
INFO 2023-01-26 12:16:25,967 tasks 14 140465524484936 


Ending logs newsletter 10/n-----------------<-|

INFO 2023-01-26 12:17:03,204 tasks 14 140465524484936 
|->-----------------
Starting logs newsletter 11

INFO 2023-01-26 12:17:03,498 tasks 14 140465524484936 Customer {'id': 1, 'phone_number': '123', 'phone_prefix': '1001', 'tag': 'foo-tag', 'customer_time_zone': 'Europe/Moscow'} received
INFO 2023-01-26 12:17:03,523 tasks 14 140465524484936 


Ending logs newsletter 11/n-----------------<-|

